[      45ms] [ERROR] Failed to load resource: the server responded with a status of 404 (File not found) @ http://localhost:8000/assets/images/%E8%B7%91%E8%BD%A6/RS7/%E5%89%8D%E8%A7%86%E5%9B%BE.jpg:0
[      48ms] [ERROR] Failed to load resource: the server responded with a status of 404 (File not found) @ http://localhost:8000/assets/images/%E8%B7%91%E8%BD%A6/RS7/rs7%20%E5%89%8D%E8%A7%86%E5%9B%BE.jpg:0
[      51ms] [ERROR] Failed to load resource: the server responded with a status of 404 (File not found) @ http://localhost:8000/assets/images/%E8%B7%91%E8%BD%A6/RS7/RS7%20%E5%89%8D%E8%A7%86%E5%9B%BE.jpg:0
[      55ms] [ERROR] Failed to load resource: the server responded with a status of 404 (File not found) @ http://localhost:8000/assets/images/%E8%B7%91%E8%BD%A6/RS7/audi%20rs7%20%E5%89%8D%E8%A7%86%E5%9B%BE.jpg:0
[      58ms] [ERROR] Failed to load resource: the server responded with a status of 404 (File not found) @ http://localhost:8000/assets/images/%E8%B7%91%E8%BD%A6/RS7/audi%20RS7%20%E5%89%8D%E8%A7%86%E5%9B%BE.jpg:0
[      62ms] [ERROR] Failed to load resource: the server responded with a status of 404 (File not found) @ http://localhost:8000/assets/images/%E8%B7%91%E8%BD%A6/RS7/%E5%89%8D%E8%A7%86%E5%9B%BE.png:0
[      66ms] [ERROR] Failed to load resource: the server responded with a status of 404 (File not found) @ http://localhost:8000/assets/images/%E8%B7%91%E8%BD%A6/RS7/rs7%20%E5%89%8D%E8%A7%86%E5%9B%BE.png:0
[      69ms] [ERROR] Failed to load resource: the server responded with a status of 404 (File not found) @ http://localhost:8000/assets/images/%E8%B7%91%E8%BD%A6/RS7/RS7%20%E5%89%8D%E8%A7%86%E5%9B%BE.png:0
[      72ms] [ERROR] Failed to load resource: the server responded with a status of 404 (File not found) @ http://localhost:8000/assets/images/%E8%B7%91%E8%BD%A6/RS7/audi%20rs7%20%E5%89%8D%E8%A7%86%E5%9B%BE.png:0
[      75ms] [ERROR] Failed to load resource: the server responded with a status of 404 (File not found) @ http://localhost:8000/assets/images/%E8%B7%91%E8%BD%A6/RS7/audi%20RS7%20%E5%89%8D%E8%A7%86%E5%9B%BE.png:0
[      77ms] [ERROR] Failed to load resource: the server responded with a status of 404 (File not found) @ http://localhost:8000/assets/images/%E8%B7%91%E8%BD%A6/RS7/%E5%89%8D%E8%A7%86%E5%9B%BE.jpeg:0
[      79ms] [ERROR] Failed to load resource: the server responded with a status of 404 (File not found) @ http://localhost:8000/assets/images/%E8%B7%91%E8%BD%A6/RS7/rs7%20%E5%89%8D%E8%A7%86%E5%9B%BE.jpeg:0
[      82ms] [ERROR] Failed to load resource: the server responded with a status of 404 (File not found) @ http://localhost:8000/assets/images/%E8%B7%91%E8%BD%A6/RS7/RS7%20%E5%89%8D%E8%A7%86%E5%9B%BE.jpeg:0
[      84ms] [ERROR] Failed to load resource: the server responded with a status of 404 (File not found) @ http://localhost:8000/assets/images/%E8%B7%91%E8%BD%A6/RS7/audi%20rs7%20%E5%89%8D%E8%A7%86%E5%9B%BE.jpeg:0
[      87ms] [ERROR] Failed to load resource: the server responded with a status of 404 (File not found) @ http://localhost:8000/assets/images/%E8%B7%91%E8%BD%A6/RS7/audi%20RS7%20%E5%89%8D%E8%A7%86%E5%9B%BE.jpeg:0
[      90ms] [ERROR] Failed to load resource: the server responded with a status of 404 (File not found) @ http://localhost:8000/assets/images/%E8%B7%91%E8%BD%A6/RS7/%E5%89%8D%E8%A7%86%E5%9B%BE.webp:0
[      92ms] [ERROR] Failed to load resource: the server responded with a status of 404 (File not found) @ http://localhost:8000/assets/images/%E8%B7%91%E8%BD%A6/RS7/rs7%20%E5%89%8D%E8%A7%86%E5%9B%BE.webp:0
[      95ms] [ERROR] Failed to load resource: the server responded with a status of 404 (File not found) @ http://localhost:8000/assets/images/%E8%B7%91%E8%BD%A6/RS7/RS7%20%E5%89%8D%E8%A7%86%E5%9B%BE.webp:0
[      97ms] [ERROR] Failed to load resource: the server responded with a status of 404 (File not found) @ http://localhost:8000/assets/images/%E8%B7%91%E8%BD%A6/RS7/audi%20rs7%20%E5%89%8D%E8%A7%86%E5%9B%BE.webp:0
[      98ms] [ERROR] Failed to load resource: the server responded with a status of 404 (File not found) @ http://localhost:8000/assets/images/%E8%B7%91%E8%BD%A6/RS7/audi%20RS7%20%E5%89%8D%E8%A7%86%E5%9B%BE.webp:0
[     100ms] [ERROR] Failed to load resource: the server responded with a status of 404 (File not found) @ http://localhost:8000/assets/images/%E8%B7%91%E8%BD%A6/RS7/%E4%BA%A7%E5%93%81%E5%9B%BE1.jpg:0
[     103ms] [ERROR] Failed to load resource: the server responded with a status of 404 (File not found) @ http://localhost:8000/assets/images/%E8%B7%91%E8%BD%A6/RS7/rs7%20%E4%BA%A7%E5%93%81%E5%9B%BE1.jpg:0
[     105ms] [ERROR] Failed to load resource: the server responded with a status of 404 (File not found) @ http://localhost:8000/assets/images/%E8%B7%91%E8%BD%A6/RS7/RS7%20%E4%BA%A7%E5%93%81%E5%9B%BE1.jpg:0
