[      97ms] [ERROR] Failed to load resource: the server responded with a status of 404 (File not found) @ http://localhost:8000/assets/images/%E8%B7%91%E8%BD%A6/RS7/%E5%89%8D%E8%A7%86%E5%9B%BE.jpg:0
[     100ms] [ERROR] Failed to load resource: the server responded with a status of 404 (File not found) @ http://localhost:8000/assets/images/%E8%B7%91%E8%BD%A6/RS7/rs7%20%E5%89%8D%E8%A7%86%E5%9B%BE.jpg:0
[     115ms] [ERROR] Failed to load resource: the server responded with a status of 404 (File not found) @ http://localhost:8000/assets/images/%E8%B7%91%E8%BD%A6/RS7/RS7%20%E5%89%8D%E8%A7%86%E5%9B%BE.jpg:0
[     117ms] [ERROR] Failed to load resource: the server responded with a status of 404 (File not found) @ http://localhost:8000/assets/images/%E8%B7%91%E8%BD%A6/RS7/audi%20rs7%20%E5%89%8D%E8%A7%86%E5%9B%BE.jpg:0
[     119ms] [ERROR] Failed to load resource: the server responded with a status of 404 (File not found) @ http://localhost:8000/assets/images/%E8%B7%91%E8%BD%A6/RS7/audi%20RS7%20%E5%89%8D%E8%A7%86%E5%9B%BE.jpg:0
[     121ms] [ERROR] Failed to load resource: the server responded with a status of 404 (File not found) @ http://localhost:8000/assets/images/%E8%B7%91%E8%BD%A6/RS7/%E5%89%8D%E8%A7%86%E5%9B%BE.png:0
[     123ms] [ERROR] Failed to load resource: the server responded with a status of 404 (File not found) @ http://localhost:8000/assets/images/%E8%B7%91%E8%BD%A6/RS7/rs7%20%E5%89%8D%E8%A7%86%E5%9B%BE.png:0
[     126ms] [ERROR] Failed to load resource: the server responded with a status of 404 (File not found) @ http://localhost:8000/assets/images/%E8%B7%91%E8%BD%A6/RS7/RS7%20%E5%89%8D%E8%A7%86%E5%9B%BE.png:0
[     128ms] [ERROR] Failed to load resource: the server responded with a status of 404 (File not found) @ http://localhost:8000/assets/images/%E8%B7%91%E8%BD%A6/RS7/audi%20rs7%20%E5%89%8D%E8%A7%86%E5%9B%BE.png:0
[     131ms] [ERROR] Failed to load resource: the server responded with a status of 404 (File not found) @ http://localhost:8000/assets/images/%E8%B7%91%E8%BD%A6/RS7/audi%20RS7%20%E5%89%8D%E8%A7%86%E5%9B%BE.png:0
[     138ms] [ERROR] Failed to load resource: the server responded with a status of 404 (File not found) @ http://localhost:8000/assets/images/%E8%B7%91%E8%BD%A6/RS7/%E5%89%8D%E8%A7%86%E5%9B%BE.jpeg:0
[     142ms] [ERROR] Failed to load resource: the server responded with a status of 404 (File not found) @ http://localhost:8000/assets/images/%E8%B7%91%E8%BD%A6/RS7/rs7%20%E5%89%8D%E8%A7%86%E5%9B%BE.jpeg:0
[     145ms] [ERROR] Failed to load resource: the server responded with a status of 404 (File not found) @ http://localhost:8000/assets/images/%E8%B7%91%E8%BD%A6/RS7/RS7%20%E5%89%8D%E8%A7%86%E5%9B%BE.jpeg:0
[     147ms] [ERROR] Failed to load resource: the server responded with a status of 404 (File not found) @ http://localhost:8000/assets/images/%E8%B7%91%E8%BD%A6/RS7/audi%20rs7%20%E5%89%8D%E8%A7%86%E5%9B%BE.jpeg:0
[     149ms] [ERROR] Failed to load resource: the server responded with a status of 404 (File not found) @ http://localhost:8000/assets/images/%E8%B7%91%E8%BD%A6/RS7/audi%20RS7%20%E5%89%8D%E8%A7%86%E5%9B%BE.jpeg:0
[     151ms] [ERROR] Failed to load resource: the server responded with a status of 404 (File not found) @ http://localhost:8000/assets/images/%E8%B7%91%E8%BD%A6/RS7/%E5%89%8D%E8%A7%86%E5%9B%BE.webp:0
[     153ms] [ERROR] Failed to load resource: the server responded with a status of 404 (File not found) @ http://localhost:8000/assets/images/%E8%B7%91%E8%BD%A6/RS7/rs7%20%E5%89%8D%E8%A7%86%E5%9B%BE.webp:0
[     155ms] [ERROR] Failed to load resource: the server responded with a status of 404 (File not found) @ http://localhost:8000/assets/images/%E8%B7%91%E8%BD%A6/RS7/RS7%20%E5%89%8D%E8%A7%86%E5%9B%BE.webp:0
[     157ms] [ERROR] Failed to load resource: the server responded with a status of 404 (File not found) @ http://localhost:8000/assets/images/%E8%B7%91%E8%BD%A6/RS7/audi%20rs7%20%E5%89%8D%E8%A7%86%E5%9B%BE.webp:0
[     159ms] [ERROR] Failed to load resource: the server responded with a status of 404 (File not found) @ http://localhost:8000/assets/images/%E8%B7%91%E8%BD%A6/RS7/audi%20RS7%20%E5%89%8D%E8%A7%86%E5%9B%BE.webp:0
[     161ms] [ERROR] Failed to load resource: the server responded with a status of 404 (File not found) @ http://localhost:8000/assets/images/%E8%B7%91%E8%BD%A6/RS7/%E4%BA%A7%E5%93%81%E5%9B%BE1.jpg:0
[     165ms] [ERROR] Failed to load resource: the server responded with a status of 404 (File not found) @ http://localhost:8000/assets/images/%E8%B7%91%E8%BD%A6/RS7/rs7%20%E4%BA%A7%E5%93%81%E5%9B%BE1.jpg:0
[     167ms] [ERROR] Failed to load resource: the server responded with a status of 404 (File not found) @ http://localhost:8000/assets/images/%E8%B7%91%E8%BD%A6/RS7/RS7%20%E4%BA%A7%E5%93%81%E5%9B%BE1.jpg:0
[     177ms] [ERROR] Failed to load resource: the server responded with a status of 404 (File not found) @ http://localhost:8000/favicon.ico:0
[   13067ms] [ERROR] Failed to load resource: the server responded with a status of 404 (File not found) @ http://localhost:8000/assets/images/%E8%B7%91%E8%BD%A6/R8/%E5%89%8D%E8%A7%86%E5%9B%BE.jpg:0
[   13086ms] [ERROR] Failed to load resource: the server responded with a status of 404 (File not found) @ http://localhost:8000/assets/images/%E8%B7%91%E8%BD%A6/R8/r8%20%E5%89%8D%E8%A7%86%E5%9B%BE.jpg:0
[   13162ms] [ERROR] Failed to load resource: the server responded with a status of 404 (File not found) @ http://localhost:8000/assets/images/%E8%B7%91%E8%BD%A6/R8/R8%20%E5%89%8D%E8%A7%86%E5%9B%BE.jpg:0
[   13177ms] [ERROR] Failed to load resource: the server responded with a status of 404 (File not found) @ http://localhost:8000/assets/images/%E8%B7%91%E8%BD%A6/R8/audi%20r8%20%E5%89%8D%E8%A7%86%E5%9B%BE.jpg:0
[   13191ms] [ERROR] Failed to load resource: the server responded with a status of 404 (File not found) @ http://localhost:8000/assets/images/%E8%B7%91%E8%BD%A6/R8/audi%20R8%20%E5%89%8D%E8%A7%86%E5%9B%BE.jpg:0
[   13205ms] [ERROR] Failed to load resource: the server responded with a status of 404 (File not found) @ http://localhost:8000/assets/images/%E8%B7%91%E8%BD%A6/R8/%E5%89%8D%E8%A7%86%E5%9B%BE.png:0
[   13220ms] [ERROR] Failed to load resource: the server responded with a status of 404 (File not found) @ http://localhost:8000/assets/images/%E8%B7%91%E8%BD%A6/R8/r8%20%E5%89%8D%E8%A7%86%E5%9B%BE.png:0
[   13236ms] [ERROR] Failed to load resource: the server responded with a status of 404 (File not found) @ http://localhost:8000/assets/images/%E8%B7%91%E8%BD%A6/R8/R8%20%E5%89%8D%E8%A7%86%E5%9B%BE.png:0
[   13244ms] [ERROR] Failed to load resource: the server responded with a status of 404 (File not found) @ http://localhost:8000/assets/images/%E8%B7%91%E8%BD%A6/R8/audi%20r8%20%E5%89%8D%E8%A7%86%E5%9B%BE.png:0
[   13255ms] [ERROR] Failed to load resource: the server responded with a status of 404 (File not found) @ http://localhost:8000/assets/images/%E8%B7%91%E8%BD%A6/R8/audi%20R8%20%E5%89%8D%E8%A7%86%E5%9B%BE.png:0
[   13265ms] [ERROR] Failed to load resource: the server responded with a status of 404 (File not found) @ http://localhost:8000/assets/images/%E8%B7%91%E8%BD%A6/R8/%E5%89%8D%E8%A7%86%E5%9B%BE.jpeg:0
[   13279ms] [ERROR] Failed to load resource: the server responded with a status of 404 (File not found) @ http://localhost:8000/assets/images/%E8%B7%91%E8%BD%A6/R8/r8%20%E5%89%8D%E8%A7%86%E5%9B%BE.jpeg:0
[   13282ms] [ERROR] Failed to load resource: the server responded with a status of 404 (File not found) @ http://localhost:8000/assets/images/%E8%B7%91%E8%BD%A6/R8/R8%20%E5%89%8D%E8%A7%86%E5%9B%BE.jpeg:0
[   13284ms] [ERROR] Failed to load resource: the server responded with a status of 404 (File not found) @ http://localhost:8000/assets/images/%E8%B7%91%E8%BD%A6/R8/audi%20r8%20%E5%89%8D%E8%A7%86%E5%9B%BE.jpeg:0
[   13292ms] [ERROR] Failed to load resource: the server responded with a status of 404 (File not found) @ http://localhost:8000/assets/images/%E8%B7%91%E8%BD%A6/R8/audi%20R8%20%E5%89%8D%E8%A7%86%E5%9B%BE.jpeg:0
[   13307ms] [ERROR] Failed to load resource: the server responded with a status of 404 (File not found) @ http://localhost:8000/assets/images/%E8%B7%91%E8%BD%A6/R8/%E5%89%8D%E8%A7%86%E5%9B%BE.webp:0
[   13322ms] [ERROR] Failed to load resource: the server responded with a status of 404 (File not found) @ http://localhost:8000/assets/images/%E8%B7%91%E8%BD%A6/R8/r8%20%E5%89%8D%E8%A7%86%E5%9B%BE.webp:0
[   13337ms] [ERROR] Failed to load resource: the server responded with a status of 404 (File not found) @ http://localhost:8000/assets/images/%E8%B7%91%E8%BD%A6/R8/R8%20%E5%89%8D%E8%A7%86%E5%9B%BE.webp:0
[   13351ms] [ERROR] Failed to load resource: the server responded with a status of 404 (File not found) @ http://localhost:8000/assets/images/%E8%B7%91%E8%BD%A6/R8/audi%20r8%20%E5%89%8D%E8%A7%86%E5%9B%BE.webp:0
[   13366ms] [ERROR] Failed to load resource: the server responded with a status of 404 (File not found) @ http://localhost:8000/assets/images/%E8%B7%91%E8%BD%A6/R8/audi%20R8%20%E5%89%8D%E8%A7%86%E5%9B%BE.webp:0
[   13380ms] [ERROR] Failed to load resource: the server responded with a status of 404 (File not found) @ http://localhost:8000/assets/images/%E8%B7%91%E8%BD%A6/R8/%E4%BA%A7%E5%93%81%E5%9B%BE1.jpg:0
[   13394ms] [ERROR] Failed to load resource: the server responded with a status of 404 (File not found) @ http://localhost:8000/assets/images/%E8%B7%91%E8%BD%A6/R8/r8%20%E4%BA%A7%E5%93%81%E5%9B%BE1.jpg:0
[   13409ms] [ERROR] Failed to load resource: the server responded with a status of 404 (File not found) @ http://localhost:8000/assets/images/%E8%B7%91%E8%BD%A6/R8/R8%20%E4%BA%A7%E5%93%81%E5%9B%BE1.jpg:0
[   13417ms] [ERROR] Failed to load resource: the server responded with a status of 404 (File not found) @ http://localhost:8000/assets/images/%E8%B7%91%E8%BD%A6/R8/audi%20r8%20%E4%BA%A7%E5%93%81%E5%9B%BE1.jpg:0
[   13432ms] [ERROR] Failed to load resource: the server responded with a status of 404 (File not found) @ http://localhost:8000/assets/images/%E8%B7%91%E8%BD%A6/R8/audi%20R8%20%E4%BA%A7%E5%93%81%E5%9B%BE1.jpg:0
[   13448ms] [ERROR] Failed to load resource: the server responded with a status of 404 (File not found) @ http://localhost:8000/assets/images/%E8%B7%91%E8%BD%A6/R8/%E4%BA%A7%E5%93%81%E5%9B%BE1.png:0
[   13459ms] [ERROR] Failed to load resource: the server responded with a status of 404 (File not found) @ http://localhost:8000/assets/images/%E8%B7%91%E8%BD%A6/R8/r8%20%E4%BA%A7%E5%93%81%E5%9B%BE1.png:0
[   13468ms] [ERROR] Failed to load resource: the server responded with a status of 404 (File not found) @ http://localhost:8000/assets/images/%E8%B7%91%E8%BD%A6/R8/R8%20%E4%BA%A7%E5%93%81%E5%9B%BE1.png:0
[   13470ms] [ERROR] Failed to load resource: the server responded with a status of 404 (File not found) @ http://localhost:8000/assets/images/%E8%B7%91%E8%BD%A6/R8/audi%20r8%20%E4%BA%A7%E5%93%81%E5%9B%BE1.png:0
[   13472ms] [ERROR] Failed to load resource: the server responded with a status of 404 (File not found) @ http://localhost:8000/assets/images/%E8%B7%91%E8%BD%A6/R8/audi%20R8%20%E4%BA%A7%E5%93%81%E5%9B%BE1.png:0
[   13474ms] [ERROR] Failed to load resource: the server responded with a status of 404 (File not found) @ http://localhost:8000/assets/images/%E8%B7%91%E8%BD%A6/R8/%E4%BA%A7%E5%93%81%E5%9B%BE1.jpeg:0
[   13476ms] [ERROR] Failed to load resource: the server responded with a status of 404 (File not found) @ http://localhost:8000/assets/images/%E8%B7%91%E8%BD%A6/R8/r8%20%E4%BA%A7%E5%93%81%E5%9B%BE1.jpeg:0
[   13478ms] [ERROR] Failed to load resource: the server responded with a status of 404 (File not found) @ http://localhost:8000/assets/images/%E8%B7%91%E8%BD%A6/R8/R8%20%E4%BA%A7%E5%93%81%E5%9B%BE1.jpeg:0
[   13480ms] [ERROR] Failed to load resource: the server responded with a status of 404 (File not found) @ http://localhost:8000/assets/images/%E8%B7%91%E8%BD%A6/R8/audi%20r8%20%E4%BA%A7%E5%93%81%E5%9B%BE1.jpeg:0
[   13482ms] [ERROR] Failed to load resource: the server responded with a status of 404 (File not found) @ http://localhost:8000/assets/images/%E8%B7%91%E8%BD%A6/R8/audi%20R8%20%E4%BA%A7%E5%93%81%E5%9B%BE1.jpeg:0
[   13484ms] [ERROR] Failed to load resource: the server responded with a status of 404 (File not found) @ http://localhost:8000/assets/images/%E8%B7%91%E8%BD%A6/R8/%E4%BA%A7%E5%93%81%E5%9B%BE1.webp:0
[   13485ms] [ERROR] Failed to load resource: the server responded with a status of 404 (File not found) @ http://localhost:8000/assets/images/%E8%B7%91%E8%BD%A6/R8/r8%20%E4%BA%A7%E5%93%81%E5%9B%BE1.webp:0
[   13487ms] [ERROR] Failed to load resource: the server responded with a status of 404 (File not found) @ http://localhost:8000/assets/images/%E8%B7%91%E8%BD%A6/R8/R8%20%E4%BA%A7%E5%93%81%E5%9B%BE1.webp:0
[   13489ms] [ERROR] Failed to load resource: the server responded with a status of 404 (File not found) @ http://localhost:8000/assets/images/%E8%B7%91%E8%BD%A6/R8/audi%20r8%20%E4%BA%A7%E5%93%81%E5%9B%BE1.webp:0
[   13491ms] [ERROR] Failed to load resource: the server responded with a status of 404 (File not found) @ http://localhost:8000/assets/images/%E8%B7%91%E8%BD%A6/R8/audi%20R8%20%E4%BA%A7%E5%93%81%E5%9B%BE1.webp:0
[   13493ms] [ERROR] Failed to load resource: the server responded with a status of 404 (File not found) @ http://localhost:8000/assets/images/%E8%B7%91%E8%BD%A6/R8/front.jpg:0
[   13495ms] [ERROR] Failed to load resource: the server responded with a status of 404 (File not found) @ http://localhost:8000/assets/images/%E8%B7%91%E8%BD%A6/R8/r8%20front.jpg:0
[   13497ms] [ERROR] Failed to load resource: the server responded with a status of 404 (File not found) @ http://localhost:8000/assets/images/%E8%B7%91%E8%BD%A6/R8/R8%20front.jpg:0
[   13498ms] [ERROR] Failed to load resource: the server responded with a status of 404 (File not found) @ http://localhost:8000/assets/images/%E8%B7%91%E8%BD%A6/R8/audi%20r8%20front.jpg:0
[   13500ms] [ERROR] Failed to load resource: the server responded with a status of 404 (File not found) @ http://localhost:8000/assets/images/%E8%B7%91%E8%BD%A6/R8/audi%20R8%20front.jpg:0
[   13502ms] [ERROR] Failed to load resource: the server responded with a status of 404 (File not found) @ http://localhost:8000/assets/images/%E8%B7%91%E8%BD%A6/R8/front.png:0
[   13504ms] [ERROR] Failed to load resource: the server responded with a status of 404 (File not found) @ http://localhost:8000/assets/images/%E8%B7%91%E8%BD%A6/R8/r8%20front.png:0
[   13505ms] [ERROR] Failed to load resource: the server responded with a status of 404 (File not found) @ http://localhost:8000/assets/images/%E8%B7%91%E8%BD%A6/R8/R8%20front.png:0
[   13508ms] [ERROR] Failed to load resource: the server responded with a status of 404 (File not found) @ http://localhost:8000/assets/images/%E8%B7%91%E8%BD%A6/R8/audi%20r8%20front.png:0
[   13510ms] [ERROR] Failed to load resource: the server responded with a status of 404 (File not found) @ http://localhost:8000/assets/images/%E8%B7%91%E8%BD%A6/R8/audi%20R8%20front.png:0
[   13512ms] [ERROR] Failed to load resource: the server responded with a status of 404 (File not found) @ http://localhost:8000/assets/images/%E8%B7%91%E8%BD%A6/R8/front.jpeg:0
[   13513ms] [ERROR] Failed to load resource: the server responded with a status of 404 (File not found) @ http://localhost:8000/assets/images/%E8%B7%91%E8%BD%A6/R8/r8%20front.jpeg:0
[   13515ms] [ERROR] Failed to load resource: the server responded with a status of 404 (File not found) @ http://localhost:8000/assets/images/%E8%B7%91%E8%BD%A6/R8/R8%20front.jpeg:0
[   13518ms] [ERROR] Failed to load resource: the server responded with a status of 404 (File not found) @ http://localhost:8000/assets/images/%E8%B7%91%E8%BD%A6/R8/audi%20r8%20front.jpeg:0
[   13520ms] [ERROR] Failed to load resource: the server responded with a status of 404 (File not found) @ http://localhost:8000/assets/images/%E8%B7%91%E8%BD%A6/R8/audi%20R8%20front.jpeg:0
[   13522ms] [ERROR] Failed to load resource: the server responded with a status of 404 (File not found) @ http://localhost:8000/assets/images/%E8%B7%91%E8%BD%A6/R8/front.webp:0
[   13524ms] [ERROR] Failed to load resource: the server responded with a status of 404 (File not found) @ http://localhost:8000/assets/images/%E8%B7%91%E8%BD%A6/R8/r8%20front.webp:0
[   13526ms] [ERROR] Failed to load resource: the server responded with a status of 404 (File not found) @ http://localhost:8000/assets/images/%E8%B7%91%E8%BD%A6/R8/R8%20front.webp:0
[   13528ms] [ERROR] Failed to load resource: the server responded with a status of 404 (File not found) @ http://localhost:8000/assets/images/%E8%B7%91%E8%BD%A6/R8/audi%20r8%20front.webp:0
[   13530ms] [ERROR] Failed to load resource: the server responded with a status of 404 (File not found) @ http://localhost:8000/assets/images/%E8%B7%91%E8%BD%A6/R8/audi%20R8%20front.webp:0
[   13532ms] [ERROR] Failed to load resource: the server responded with a status of 404 (File not found) @ http://localhost:8000/assets/images/%E8%B7%91%E8%BD%A6/R8/R8%20front.jpg:0
[   13533ms] [ERROR] Failed to load resource: the server responded with a status of 404 (File not found) @ http://localhost:8000/assets/images/%E8%B7%91%E8%BD%A6/R8/R8-front.jpg:0
[   13535ms] [ERROR] Failed to load resource: the server responded with a status of 404 (File not found) @ http://localhost:8000/assets/images/%E8%B7%91%E8%BD%A6/R8/front.jpg:0
[   13537ms] [ERROR] Failed to load resource: the server responded with a status of 404 (File not found) @ http://localhost:8000/assets/images/placeholder/R8-front.jpg:0
[   14027ms] [ERROR] Failed to load resource: the server responded with a status of 404 (File not found) @ http://localhost:8000/assets/images/%E8%B7%91%E8%BD%A6/RS7/%E5%89%8D%E8%A7%86%E5%9B%BE.jpg:0
[   14038ms] [ERROR] Failed to load resource: the server responded with a status of 404 (File not found) @ http://localhost:8000/assets/images/%E8%B7%91%E8%BD%A6/RS7/rs7%20%E5%89%8D%E8%A7%86%E5%9B%BE.jpg:0
[   14041ms] [ERROR] Failed to load resource: the server responded with a status of 404 (File not found) @ http://localhost:8000/assets/images/%E8%B7%91%E8%BD%A6/RS7/RS7%20%E5%89%8D%E8%A7%86%E5%9B%BE.jpg:0
[   14048ms] [ERROR] Failed to load resource: the server responded with a status of 404 (File not found) @ http://localhost:8000/assets/images/%E8%B7%91%E8%BD%A6/RS7/audi%20rs7%20%E5%89%8D%E8%A7%86%E5%9B%BE.jpg:0
[   14056ms] [ERROR] Failed to load resource: the server responded with a status of 404 (File not found) @ http://localhost:8000/assets/images/%E8%B7%91%E8%BD%A6/RS7/audi%20RS7%20%E5%89%8D%E8%A7%86%E5%9B%BE.jpg:0
[   14065ms] [ERROR] Failed to load resource: the server responded with a status of 404 (File not found) @ http://localhost:8000/assets/images/%E8%B7%91%E8%BD%A6/RS7/%E5%89%8D%E8%A7%86%E5%9B%BE.png:0
[   14067ms] [ERROR] Failed to load resource: the server responded with a status of 404 (File not found) @ http://localhost:8000/assets/images/%E8%B7%91%E8%BD%A6/RS7/rs7%20%E5%89%8D%E8%A7%86%E5%9B%BE.png:0
[   14069ms] [ERROR] Failed to load resource: the server responded with a status of 404 (File not found) @ http://localhost:8000/assets/images/%E8%B7%91%E8%BD%A6/RS7/RS7%20%E5%89%8D%E8%A7%86%E5%9B%BE.png:0
[   14076ms] [ERROR] Failed to load resource: the server responded with a status of 404 (File not found) @ http://localhost:8000/assets/images/%E8%B7%91%E8%BD%A6/RS7/audi%20rs7%20%E5%89%8D%E8%A7%86%E5%9B%BE.png:0
[   14079ms] [ERROR] Failed to load resource: the server responded with a status of 404 (File not found) @ http://localhost:8000/assets/images/%E8%B7%91%E8%BD%A6/RS7/audi%20RS7%20%E5%89%8D%E8%A7%86%E5%9B%BE.png:0
[   14081ms] [ERROR] Failed to load resource: the server responded with a status of 404 (File not found) @ http://localhost:8000/assets/images/%E8%B7%91%E8%BD%A6/RS7/%E5%89%8D%E8%A7%86%E5%9B%BE.jpeg:0
[   14082ms] [ERROR] Failed to load resource: the server responded with a status of 404 (File not found) @ http://localhost:8000/assets/images/%E8%B7%91%E8%BD%A6/RS7/rs7%20%E5%89%8D%E8%A7%86%E5%9B%BE.jpeg:0
[   14085ms] [ERROR] Failed to load resource: the server responded with a status of 404 (File not found) @ http://localhost:8000/assets/images/%E8%B7%91%E8%BD%A6/RS7/RS7%20%E5%89%8D%E8%A7%86%E5%9B%BE.jpeg:0
[   14087ms] [ERROR] Failed to load resource: the server responded with a status of 404 (File not found) @ http://localhost:8000/assets/images/%E8%B7%91%E8%BD%A6/RS7/audi%20rs7%20%E5%89%8D%E8%A7%86%E5%9B%BE.jpeg:0
[   14089ms] [ERROR] Failed to load resource: the server responded with a status of 404 (File not found) @ http://localhost:8000/assets/images/%E8%B7%91%E8%BD%A6/RS7/audi%20RS7%20%E5%89%8D%E8%A7%86%E5%9B%BE.jpeg:0
[   14097ms] [ERROR] Failed to load resource: the server responded with a status of 404 (File not found) @ http://localhost:8000/assets/images/%E8%B7%91%E8%BD%A6/RS7/%E5%89%8D%E8%A7%86%E5%9B%BE.webp:0
[   14104ms] [ERROR] Failed to load resource: the server responded with a status of 404 (File not found) @ http://localhost:8000/assets/images/%E8%B7%91%E8%BD%A6/RS7/rs7%20%E5%89%8D%E8%A7%86%E5%9B%BE.webp:0
[   14108ms] [ERROR] Failed to load resource: the server responded with a status of 404 (File not found) @ http://localhost:8000/assets/images/%E8%B7%91%E8%BD%A6/RS7/RS7%20%E5%89%8D%E8%A7%86%E5%9B%BE.webp:0
[   14110ms] [ERROR] Failed to load resource: the server responded with a status of 404 (File not found) @ http://localhost:8000/assets/images/%E8%B7%91%E8%BD%A6/RS7/audi%20rs7%20%E5%89%8D%E8%A7%86%E5%9B%BE.webp:0
[   14118ms] [ERROR] Failed to load resource: the server responded with a status of 404 (File not found) @ http://localhost:8000/assets/images/%E8%B7%91%E8%BD%A6/RS7/audi%20RS7%20%E5%89%8D%E8%A7%86%E5%9B%BE.webp:0
[   14123ms] [ERROR] Failed to load resource: the server responded with a status of 404 (File not found) @ http://localhost:8000/assets/images/%E8%B7%91%E8%BD%A6/RS7/%E4%BA%A7%E5%93%81%E5%9B%BE1.jpg:0
[   14125ms] [ERROR] Failed to load resource: the server responded with a status of 404 (File not found) @ http://localhost:8000/assets/images/%E8%B7%91%E8%BD%A6/RS7/rs7%20%E4%BA%A7%E5%93%81%E5%9B%BE1.jpg:0
[   14140ms] [ERROR] Failed to load resource: the server responded with a status of 404 (File not found) @ http://localhost:8000/assets/images/%E8%B7%91%E8%BD%A6/RS7/RS7%20%E4%BA%A7%E5%93%81%E5%9B%BE1.jpg:0
