[     119ms] [ERROR] Failed to load resource: the server responded with a status of 404 (File not found) @ http://localhost:8000/assets/images/%E8%B7%91%E8%BD%A6/rs7/%E5%89%8D%E8%A7%86%E5%9B%BE.jpg:0
[     123ms] [ERROR] Failed to load resource: the server responded with a status of 404 (File not found) @ http://localhost:8000/assets/images/%E8%B7%91%E8%BD%A6/rs7/%E5%89%8D%E8%A7%86%E5%9B%BE.png:0
[     139ms] [ERROR] Failed to load resource: the server responded with a status of 404 (File not found) @ http://localhost:8000/assets/images/%E8%B7%91%E8%BD%A6/rs7/%E5%89%8D%E8%A7%86%E5%9B%BE.jpeg:0
[     146ms] [ERROR] Failed to load resource: the server responded with a status of 404 (File not found) @ http://localhost:8000/assets/images/%E8%B7%91%E8%BD%A6/rs7/%E5%89%8D%E8%A7%86%E5%9B%BE.webp:0
[     149ms] [ERROR] Failed to load resource: the server responded with a status of 404 (File not found) @ http://localhost:8000/assets/images/%E8%B7%91%E8%BD%A6/rs7/%E4%BA%A7%E5%93%81%E5%9B%BE1.jpg:0
[     153ms] [ERROR] Failed to load resource: the server responded with a status of 404 (File not found) @ http://localhost:8000/assets/images/%E8%B7%91%E8%BD%A6/rs7/%E4%BA%A7%E5%93%81%E5%9B%BE1.png:0
[     155ms] [ERROR] Failed to load resource: the server responded with a status of 404 (File not found) @ http://localhost:8000/assets/images/%E8%B7%91%E8%BD%A6/rs7/%E4%BA%A7%E5%93%81%E5%9B%BE1.jpeg:0
[     158ms] [ERROR] Failed to load resource: the server responded with a status of 404 (File not found) @ http://localhost:8000/assets/images/%E8%B7%91%E8%BD%A6/rs7/%E4%BA%A7%E5%93%81%E5%9B%BE1.webp:0
[     161ms] [ERROR] Failed to load resource: the server responded with a status of 404 (File not found) @ http://localhost:8000/assets/images/%E8%B7%91%E8%BD%A6/rs7/front.jpg:0
[     164ms] [ERROR] Failed to load resource: the server responded with a status of 404 (File not found) @ http://localhost:8000/assets/images/%E8%B7%91%E8%BD%A6/rs7/front.png:0
[     168ms] [ERROR] Failed to load resource: the server responded with a status of 404 (File not found) @ http://localhost:8000/assets/images/%E8%B7%91%E8%BD%A6/rs7/front.jpeg:0
[     169ms] [ERROR] Failed to load resource: the server responded with a status of 404 (File not found) @ http://localhost:8000/assets/images/%E8%B7%91%E8%BD%A6/rs7/front.webp:0
[     172ms] [ERROR] Failed to load resource: the server responded with a status of 404 (File not found) @ http://localhost:8000/assets/images/%E8%B7%91%E8%BD%A6/rs7/rs7%20front.jpg:0
[     176ms] [ERROR] Failed to load resource: the server responded with a status of 404 (File not found) @ http://localhost:8000/assets/images/%E8%B7%91%E8%BD%A6/rs7/rs7-front.jpg:0
[     180ms] [ERROR] Failed to load resource: the server responded with a status of 404 (File not found) @ http://localhost:8000/assets/images/%E8%B7%91%E8%BD%A6/rs7/front.jpg:0
[     183ms] [ERROR] Failed to load resource: the server responded with a status of 404 (File not found) @ http://localhost:8000/assets/images/placeholder/rs7-front.jpg:0
[     190ms] [ERROR] Failed to load resource: the server responded with a status of 404 (File not found) @ http://localhost:8000/favicon.ico:0
[    5385ms] [ERROR] Failed to load resource: the server responded with a status of 404 (File not found) @ http://localhost:8000/assets/images/%E8%B7%91%E8%BD%A6/r8/%E5%89%8D%E8%A7%86%E5%9B%BE.jpg:0
[    5387ms] [ERROR] Failed to load resource: the server responded with a status of 404 (File not found) @ http://localhost:8000/assets/images/%E8%B7%91%E8%BD%A6/r8/%E5%89%8D%E8%A7%86%E5%9B%BE.png:0
[    5398ms] [ERROR] Failed to load resource: the server responded with a status of 404 (File not found) @ http://localhost:8000/assets/images/%E8%B7%91%E8%BD%A6/r8/%E5%89%8D%E8%A7%86%E5%9B%BE.jpeg:0
[    5415ms] [ERROR] Failed to load resource: the server responded with a status of 404 (File not found) @ http://localhost:8000/assets/images/%E8%B7%91%E8%BD%A6/r8/%E5%89%8D%E8%A7%86%E5%9B%BE.webp:0
[    5431ms] [ERROR] Failed to load resource: the server responded with a status of 404 (File not found) @ http://localhost:8000/assets/images/%E8%B7%91%E8%BD%A6/r8/%E4%BA%A7%E5%93%81%E5%9B%BE1.jpg:0
[    5446ms] [ERROR] Failed to load resource: the server responded with a status of 404 (File not found) @ http://localhost:8000/assets/images/%E8%B7%91%E8%BD%A6/r8/%E4%BA%A7%E5%93%81%E5%9B%BE1.png:0
[    5461ms] [ERROR] Failed to load resource: the server responded with a status of 404 (File not found) @ http://localhost:8000/assets/images/%E8%B7%91%E8%BD%A6/r8/%E4%BA%A7%E5%93%81%E5%9B%BE1.jpeg:0
[    5477ms] [ERROR] Failed to load resource: the server responded with a status of 404 (File not found) @ http://localhost:8000/assets/images/%E8%B7%91%E8%BD%A6/r8/%E4%BA%A7%E5%93%81%E5%9B%BE1.webp:0
[    5492ms] [ERROR] Failed to load resource: the server responded with a status of 404 (File not found) @ http://localhost:8000/assets/images/%E8%B7%91%E8%BD%A6/r8/front.jpg:0
[    5507ms] [ERROR] Failed to load resource: the server responded with a status of 404 (File not found) @ http://localhost:8000/assets/images/%E8%B7%91%E8%BD%A6/r8/front.png:0
[    5522ms] [ERROR] Failed to load resource: the server responded with a status of 404 (File not found) @ http://localhost:8000/assets/images/%E8%B7%91%E8%BD%A6/r8/front.jpeg:0
[    5536ms] [ERROR] Failed to load resource: the server responded with a status of 404 (File not found) @ http://localhost:8000/assets/images/%E8%B7%91%E8%BD%A6/r8/front.webp:0
[    5551ms] [ERROR] Failed to load resource: the server responded with a status of 404 (File not found) @ http://localhost:8000/assets/images/%E8%B7%91%E8%BD%A6/r8/r8%20front.jpg:0
[    5566ms] [ERROR] Failed to load resource: the server responded with a status of 404 (File not found) @ http://localhost:8000/assets/images/%E8%B7%91%E8%BD%A6/r8/r8-front.jpg:0
[    5579ms] [ERROR] Failed to load resource: the server responded with a status of 404 (File not found) @ http://localhost:8000/assets/images/%E8%B7%91%E8%BD%A6/r8/front.jpg:0
[    5595ms] [ERROR] Failed to load resource: the server responded with a status of 404 (File not found) @ http://localhost:8000/assets/images/placeholder/r8-front.jpg:0
[    6119ms] [ERROR] Failed to load resource: the server responded with a status of 404 (File not found) @ http://localhost:8000/assets/images/%E8%B7%91%E8%BD%A6/rs7/%E5%89%8D%E8%A7%86%E5%9B%BE.jpg:0
[    6122ms] [ERROR] Failed to load resource: the server responded with a status of 404 (File not found) @ http://localhost:8000/assets/images/%E8%B7%91%E8%BD%A6/rs7/%E5%89%8D%E8%A7%86%E5%9B%BE.png:0
[    6124ms] [ERROR] Failed to load resource: the server responded with a status of 404 (File not found) @ http://localhost:8000/assets/images/%E8%B7%91%E8%BD%A6/rs7/%E5%89%8D%E8%A7%86%E5%9B%BE.jpeg:0
[    6133ms] [ERROR] Failed to load resource: the server responded with a status of 404 (File not found) @ http://localhost:8000/assets/images/%E8%B7%91%E8%BD%A6/rs7/%E5%89%8D%E8%A7%86%E5%9B%BE.webp:0
[    6143ms] [ERROR] Failed to load resource: the server responded with a status of 404 (File not found) @ http://localhost:8000/assets/images/%E8%B7%91%E8%BD%A6/rs7/%E4%BA%A7%E5%93%81%E5%9B%BE1.jpg:0
[    6153ms] [ERROR] Failed to load resource: the server responded with a status of 404 (File not found) @ http://localhost:8000/assets/images/%E8%B7%91%E8%BD%A6/rs7/%E4%BA%A7%E5%93%81%E5%9B%BE1.png:0
[    6163ms] [ERROR] Failed to load resource: the server responded with a status of 404 (File not found) @ http://localhost:8000/assets/images/%E8%B7%91%E8%BD%A6/rs7/%E4%BA%A7%E5%93%81%E5%9B%BE1.jpeg:0
[    6165ms] [ERROR] Failed to load resource: the server responded with a status of 404 (File not found) @ http://localhost:8000/assets/images/%E8%B7%91%E8%BD%A6/rs7/%E4%BA%A7%E5%93%81%E5%9B%BE1.webp:0
[    6173ms] [ERROR] Failed to load resource: the server responded with a status of 404 (File not found) @ http://localhost:8000/assets/images/%E8%B7%91%E8%BD%A6/rs7/front.jpg:0
[    6187ms] [ERROR] Failed to load resource: the server responded with a status of 404 (File not found) @ http://localhost:8000/assets/images/%E8%B7%91%E8%BD%A6/rs7/front.png:0
[    6191ms] [ERROR] Failed to load resource: the server responded with a status of 404 (File not found) @ http://localhost:8000/assets/images/%E8%B7%91%E8%BD%A6/rs7/front.jpeg:0
[    6193ms] [ERROR] Failed to load resource: the server responded with a status of 404 (File not found) @ http://localhost:8000/assets/images/%E8%B7%91%E8%BD%A6/rs7/front.webp:0
[    6201ms] [ERROR] Failed to load resource: the server responded with a status of 404 (File not found) @ http://localhost:8000/assets/images/%E8%B7%91%E8%BD%A6/rs7/rs7%20front.jpg:0
[    6211ms] [ERROR] Failed to load resource: the server responded with a status of 404 (File not found) @ http://localhost:8000/assets/images/%E8%B7%91%E8%BD%A6/rs7/rs7-front.jpg:0
[    6223ms] [ERROR] Failed to load resource: the server responded with a status of 404 (File not found) @ http://localhost:8000/assets/images/%E8%B7%91%E8%BD%A6/rs7/front.jpg:0
[    6239ms] [ERROR] Failed to load resource: the server responded with a status of 404 (File not found) @ http://localhost:8000/assets/images/placeholder/rs7-front.jpg:0
[    7031ms] [ERROR] Failed to load resource: the server responded with a status of 404 (File not found) @ http://localhost:8000/assets/images/%E8%B7%91%E8%BD%A6/r8/%E5%89%8D%E8%A7%86%E5%9B%BE.jpg:0
[    7041ms] [ERROR] Failed to load resource: the server responded with a status of 404 (File not found) @ http://localhost:8000/assets/images/%E8%B7%91%E8%BD%A6/r8/%E5%89%8D%E8%A7%86%E5%9B%BE.png:0
[    7052ms] [ERROR] Failed to load resource: the server responded with a status of 404 (File not found) @ http://localhost:8000/assets/images/%E8%B7%91%E8%BD%A6/r8/%E5%89%8D%E8%A7%86%E5%9B%BE.jpeg:0
[    7054ms] [ERROR] Failed to load resource: the server responded with a status of 404 (File not found) @ http://localhost:8000/assets/images/%E8%B7%91%E8%BD%A6/r8/%E5%89%8D%E8%A7%86%E5%9B%BE.webp:0
[    7058ms] [ERROR] Failed to load resource: the server responded with a status of 404 (File not found) @ http://localhost:8000/assets/images/%E8%B7%91%E8%BD%A6/r8/%E4%BA%A7%E5%93%81%E5%9B%BE1.jpg:0
[    7060ms] [ERROR] Failed to load resource: the server responded with a status of 404 (File not found) @ http://localhost:8000/assets/images/%E8%B7%91%E8%BD%A6/r8/%E4%BA%A7%E5%93%81%E5%9B%BE1.png:0
[    7070ms] [ERROR] Failed to load resource: the server responded with a status of 404 (File not found) @ http://localhost:8000/assets/images/%E8%B7%91%E8%BD%A6/r8/%E4%BA%A7%E5%93%81%E5%9B%BE1.jpeg:0
[    7073ms] [ERROR] Failed to load resource: the server responded with a status of 404 (File not found) @ http://localhost:8000/assets/images/%E8%B7%91%E8%BD%A6/r8/%E4%BA%A7%E5%93%81%E5%9B%BE1.webp:0
[    7076ms] [ERROR] Failed to load resource: the server responded with a status of 404 (File not found) @ http://localhost:8000/assets/images/%E8%B7%91%E8%BD%A6/r8/front.jpg:0
[    7086ms] [ERROR] Failed to load resource: the server responded with a status of 404 (File not found) @ http://localhost:8000/assets/images/%E8%B7%91%E8%BD%A6/r8/front.png:0
[    7089ms] [ERROR] Failed to load resource: the server responded with a status of 404 (File not found) @ http://localhost:8000/assets/images/%E8%B7%91%E8%BD%A6/r8/front.jpeg:0
[    7092ms] [ERROR] Failed to load resource: the server responded with a status of 404 (File not found) @ http://localhost:8000/assets/images/%E8%B7%91%E8%BD%A6/r8/front.webp:0
[    7095ms] [ERROR] Failed to load resource: the server responded with a status of 404 (File not found) @ http://localhost:8000/assets/images/%E8%B7%91%E8%BD%A6/r8/r8%20front.jpg:0
[    7099ms] [ERROR] Failed to load resource: the server responded with a status of 404 (File not found) @ http://localhost:8000/assets/images/%E8%B7%91%E8%BD%A6/r8/r8-front.jpg:0
[    7102ms] [ERROR] Failed to load resource: the server responded with a status of 404 (File not found) @ http://localhost:8000/assets/images/%E8%B7%91%E8%BD%A6/r8/front.jpg:0
[    7106ms] [ERROR] Failed to load resource: the server responded with a status of 404 (File not found) @ http://localhost:8000/assets/images/placeholder/r8-front.jpg:0
[    7646ms] [ERROR] Failed to load resource: the server responded with a status of 404 (File not found) @ http://localhost:8000/assets/images/%E8%B7%91%E8%BD%A6/r8/%E5%90%8E%E8%A7%86%E5%9B%BE.jpg:0
[    7649ms] [ERROR] Failed to load resource: the server responded with a status of 404 (File not found) @ http://localhost:8000/assets/images/%E8%B7%91%E8%BD%A6/r8/%E5%90%8E%E8%A7%86%E5%9B%BE.png:0
[    7651ms] [ERROR] Failed to load resource: the server responded with a status of 404 (File not found) @ http://localhost:8000/assets/images/%E8%B7%91%E8%BD%A6/r8/%E5%90%8E%E8%A7%86%E5%9B%BE.jpeg:0
[    7654ms] [ERROR] Failed to load resource: the server responded with a status of 404 (File not found) @ http://localhost:8000/assets/images/%E8%B7%91%E8%BD%A6/r8/%E5%90%8E%E8%A7%86%E5%9B%BE.webp:0
[    7657ms] [ERROR] Failed to load resource: the server responded with a status of 404 (File not found) @ http://localhost:8000/assets/images/%E8%B7%91%E8%BD%A6/r8/%E4%BA%A7%E5%93%81%E5%9B%BE4.jpg:0
[    7659ms] [ERROR] Failed to load resource: the server responded with a status of 404 (File not found) @ http://localhost:8000/assets/images/%E8%B7%91%E8%BD%A6/r8/%E4%BA%A7%E5%93%81%E5%9B%BE4.png:0
[    7662ms] [ERROR] Failed to load resource: the server responded with a status of 404 (File not found) @ http://localhost:8000/assets/images/%E8%B7%91%E8%BD%A6/r8/%E4%BA%A7%E5%93%81%E5%9B%BE4.jpeg:0
[    7664ms] [ERROR] Failed to load resource: the server responded with a status of 404 (File not found) @ http://localhost:8000/assets/images/%E8%B7%91%E8%BD%A6/r8/%E4%BA%A7%E5%93%81%E5%9B%BE4.webp:0
[    7667ms] [ERROR] Failed to load resource: the server responded with a status of 404 (File not found) @ http://localhost:8000/assets/images/%E8%B7%91%E8%BD%A6/r8/back.jpg:0
[    7669ms] [ERROR] Failed to load resource: the server responded with a status of 404 (File not found) @ http://localhost:8000/assets/images/%E8%B7%91%E8%BD%A6/r8/back.png:0
[    7671ms] [ERROR] Failed to load resource: the server responded with a status of 404 (File not found) @ http://localhost:8000/assets/images/%E8%B7%91%E8%BD%A6/r8/back.jpeg:0
[    7674ms] [ERROR] Failed to load resource: the server responded with a status of 404 (File not found) @ http://localhost:8000/assets/images/%E8%B7%91%E8%BD%A6/r8/back.webp:0
[    7676ms] [ERROR] Failed to load resource: the server responded with a status of 404 (File not found) @ http://localhost:8000/assets/images/%E8%B7%91%E8%BD%A6/r8/r8%20back.jpg:0
[    7678ms] [ERROR] Failed to load resource: the server responded with a status of 404 (File not found) @ http://localhost:8000/assets/images/%E8%B7%91%E8%BD%A6/r8/r8-back.jpg:0
[    7681ms] [ERROR] Failed to load resource: the server responded with a status of 404 (File not found) @ http://localhost:8000/assets/images/%E8%B7%91%E8%BD%A6/r8/back.jpg:0
[    7683ms] [ERROR] Failed to load resource: the server responded with a status of 404 (File not found) @ http://localhost:8000/assets/images/placeholder/r8-back.jpg:0
[    8177ms] [ERROR] Failed to load resource: the server responded with a status of 404 (File not found) @ http://localhost:8000/assets/images/%E8%B7%91%E8%BD%A6/r8/%E5%89%8D%E8%A7%86%E5%9B%BE.jpg:0
[    8179ms] [ERROR] Failed to load resource: the server responded with a status of 404 (File not found) @ http://localhost:8000/assets/images/%E8%B7%91%E8%BD%A6/r8/%E5%89%8D%E8%A7%86%E5%9B%BE.png:0
[    8181ms] [ERROR] Failed to load resource: the server responded with a status of 404 (File not found) @ http://localhost:8000/assets/images/%E8%B7%91%E8%BD%A6/r8/%E5%89%8D%E8%A7%86%E5%9B%BE.jpeg:0
[    8183ms] [ERROR] Failed to load resource: the server responded with a status of 404 (File not found) @ http://localhost:8000/assets/images/%E8%B7%91%E8%BD%A6/r8/%E5%89%8D%E8%A7%86%E5%9B%BE.webp:0
[    8185ms] [ERROR] Failed to load resource: the server responded with a status of 404 (File not found) @ http://localhost:8000/assets/images/%E8%B7%91%E8%BD%A6/r8/%E4%BA%A7%E5%93%81%E5%9B%BE1.jpg:0
[    8187ms] [ERROR] Failed to load resource: the server responded with a status of 404 (File not found) @ http://localhost:8000/assets/images/%E8%B7%91%E8%BD%A6/r8/%E4%BA%A7%E5%93%81%E5%9B%BE1.png:0
[    8190ms] [ERROR] Failed to load resource: the server responded with a status of 404 (File not found) @ http://localhost:8000/assets/images/%E8%B7%91%E8%BD%A6/r8/%E4%BA%A7%E5%93%81%E5%9B%BE1.jpeg:0
[    8193ms] [ERROR] Failed to load resource: the server responded with a status of 404 (File not found) @ http://localhost:8000/assets/images/%E8%B7%91%E8%BD%A6/r8/%E4%BA%A7%E5%93%81%E5%9B%BE1.webp:0
[    8195ms] [ERROR] Failed to load resource: the server responded with a status of 404 (File not found) @ http://localhost:8000/assets/images/%E8%B7%91%E8%BD%A6/r8/front.jpg:0
[    8198ms] [ERROR] Failed to load resource: the server responded with a status of 404 (File not found) @ http://localhost:8000/assets/images/%E8%B7%91%E8%BD%A6/r8/front.png:0
[    8200ms] [ERROR] Failed to load resource: the server responded with a status of 404 (File not found) @ http://localhost:8000/assets/images/%E8%B7%91%E8%BD%A6/r8/front.jpeg:0
[    8203ms] [ERROR] Failed to load resource: the server responded with a status of 404 (File not found) @ http://localhost:8000/assets/images/%E8%B7%91%E8%BD%A6/r8/front.webp:0
[    8205ms] [ERROR] Failed to load resource: the server responded with a status of 404 (File not found) @ http://localhost:8000/assets/images/%E8%B7%91%E8%BD%A6/r8/r8%20front.jpg:0
[    8207ms] [ERROR] Failed to load resource: the server responded with a status of 404 (File not found) @ http://localhost:8000/assets/images/%E8%B7%91%E8%BD%A6/r8/r8-front.jpg:0
[    8210ms] [ERROR] Failed to load resource: the server responded with a status of 404 (File not found) @ http://localhost:8000/assets/images/%E8%B7%91%E8%BD%A6/r8/front.jpg:0
[    8213ms] [ERROR] Failed to load resource: the server responded with a status of 404 (File not found) @ http://localhost:8000/assets/images/placeholder/r8-front.jpg:0
[    8915ms] [ERROR] Failed to load resource: the server responded with a status of 404 (File not found) @ http://localhost:8000/assets/images/%E8%B7%91%E8%BD%A6/rs7/%E5%89%8D%E8%A7%86%E5%9B%BE.jpg:0
[    8918ms] [ERROR] Failed to load resource: the server responded with a status of 404 (File not found) @ http://localhost:8000/assets/images/%E8%B7%91%E8%BD%A6/rs7/%E5%89%8D%E8%A7%86%E5%9B%BE.png:0
[    8921ms] [ERROR] Failed to load resource: the server responded with a status of 404 (File not found) @ http://localhost:8000/assets/images/%E8%B7%91%E8%BD%A6/rs7/%E5%89%8D%E8%A7%86%E5%9B%BE.jpeg:0
[    8926ms] [ERROR] Failed to load resource: the server responded with a status of 404 (File not found) @ http://localhost:8000/assets/images/%E8%B7%91%E8%BD%A6/rs7/%E5%89%8D%E8%A7%86%E5%9B%BE.webp:0
[    8929ms] [ERROR] Failed to load resource: the server responded with a status of 404 (File not found) @ http://localhost:8000/assets/images/%E8%B7%91%E8%BD%A6/rs7/%E4%BA%A7%E5%93%81%E5%9B%BE1.jpg:0
[    8937ms] [ERROR] Failed to load resource: the server responded with a status of 404 (File not found) @ http://localhost:8000/assets/images/%E8%B7%91%E8%BD%A6/rs7/%E4%BA%A7%E5%93%81%E5%9B%BE1.png:0
[    8942ms] [ERROR] Failed to load resource: the server responded with a status of 404 (File not found) @ http://localhost:8000/assets/images/%E8%B7%91%E8%BD%A6/rs7/%E4%BA%A7%E5%93%81%E5%9B%BE1.jpeg:0
[    8947ms] [ERROR] Failed to load resource: the server responded with a status of 404 (File not found) @ http://localhost:8000/assets/images/%E8%B7%91%E8%BD%A6/rs7/%E4%BA%A7%E5%93%81%E5%9B%BE1.webp:0
[    8950ms] [ERROR] Failed to load resource: the server responded with a status of 404 (File not found) @ http://localhost:8000/assets/images/%E8%B7%91%E8%BD%A6/rs7/front.jpg:0
[    8955ms] [ERROR] Failed to load resource: the server responded with a status of 404 (File not found) @ http://localhost:8000/assets/images/%E8%B7%91%E8%BD%A6/rs7/front.png:0
[    8957ms] [ERROR] Failed to load resource: the server responded with a status of 404 (File not found) @ http://localhost:8000/assets/images/%E8%B7%91%E8%BD%A6/rs7/front.jpeg:0
[    8961ms] [ERROR] Failed to load resource: the server responded with a status of 404 (File not found) @ http://localhost:8000/assets/images/%E8%B7%91%E8%BD%A6/rs7/front.webp:0
[    8963ms] [ERROR] Failed to load resource: the server responded with a status of 404 (File not found) @ http://localhost:8000/assets/images/%E8%B7%91%E8%BD%A6/rs7/rs7%20front.jpg:0
[    8966ms] [ERROR] Failed to load resource: the server responded with a status of 404 (File not found) @ http://localhost:8000/assets/images/%E8%B7%91%E8%BD%A6/rs7/rs7-front.jpg:0
[    8969ms] [ERROR] Failed to load resource: the server responded with a status of 404 (File not found) @ http://localhost:8000/assets/images/%E8%B7%91%E8%BD%A6/rs7/front.jpg:0
[    8971ms] [ERROR] Failed to load resource: the server responded with a status of 404 (File not found) @ http://localhost:8000/assets/images/placeholder/rs7-front.jpg:0
[   10204ms] [ERROR] Failed to load resource: the server responded with a status of 404 (File not found) @ http://localhost:8000/assets/images/%E8%B7%91%E8%BD%A6/r8/%E5%89%8D%E8%A7%86%E5%9B%BE.jpg:0
[   10207ms] [ERROR] Failed to load resource: the server responded with a status of 404 (File not found) @ http://localhost:8000/assets/images/%E8%B7%91%E8%BD%A6/r8/%E5%89%8D%E8%A7%86%E5%9B%BE.png:0
[   10211ms] [ERROR] Failed to load resource: the server responded with a status of 404 (File not found) @ http://localhost:8000/assets/images/%E8%B7%91%E8%BD%A6/r8/%E5%89%8D%E8%A7%86%E5%9B%BE.jpeg:0
[   10214ms] [ERROR] Failed to load resource: the server responded with a status of 404 (File not found) @ http://localhost:8000/assets/images/%E8%B7%91%E8%BD%A6/r8/%E5%89%8D%E8%A7%86%E5%9B%BE.webp:0
[   10217ms] [ERROR] Failed to load resource: the server responded with a status of 404 (File not found) @ http://localhost:8000/assets/images/%E8%B7%91%E8%BD%A6/r8/%E4%BA%A7%E5%93%81%E5%9B%BE1.jpg:0
[   10219ms] [ERROR] Failed to load resource: the server responded with a status of 404 (File not found) @ http://localhost:8000/assets/images/%E8%B7%91%E8%BD%A6/r8/%E4%BA%A7%E5%93%81%E5%9B%BE1.png:0
[   10221ms] [ERROR] Failed to load resource: the server responded with a status of 404 (File not found) @ http://localhost:8000/assets/images/%E8%B7%91%E8%BD%A6/r8/%E4%BA%A7%E5%93%81%E5%9B%BE1.jpeg:0
[   10224ms] [ERROR] Failed to load resource: the server responded with a status of 404 (File not found) @ http://localhost:8000/assets/images/%E8%B7%91%E8%BD%A6/r8/%E4%BA%A7%E5%93%81%E5%9B%BE1.webp:0
[   10226ms] [ERROR] Failed to load resource: the server responded with a status of 404 (File not found) @ http://localhost:8000/assets/images/%E8%B7%91%E8%BD%A6/r8/front.jpg:0
[   10228ms] [ERROR] Failed to load resource: the server responded with a status of 404 (File not found) @ http://localhost:8000/assets/images/%E8%B7%91%E8%BD%A6/r8/front.png:0
[   10231ms] [ERROR] Failed to load resource: the server responded with a status of 404 (File not found) @ http://localhost:8000/assets/images/%E8%B7%91%E8%BD%A6/r8/front.jpeg:0
[   10233ms] [ERROR] Failed to load resource: the server responded with a status of 404 (File not found) @ http://localhost:8000/assets/images/%E8%B7%91%E8%BD%A6/r8/front.webp:0
[   10235ms] [ERROR] Failed to load resource: the server responded with a status of 404 (File not found) @ http://localhost:8000/assets/images/%E8%B7%91%E8%BD%A6/r8/r8%20front.jpg:0
[   10237ms] [ERROR] Failed to load resource: the server responded with a status of 404 (File not found) @ http://localhost:8000/assets/images/%E8%B7%91%E8%BD%A6/r8/r8-front.jpg:0
[   10240ms] [ERROR] Failed to load resource: the server responded with a status of 404 (File not found) @ http://localhost:8000/assets/images/%E8%B7%91%E8%BD%A6/r8/front.jpg:0
[   10241ms] [ERROR] Failed to load resource: the server responded with a status of 404 (File not found) @ http://localhost:8000/assets/images/placeholder/r8-front.jpg:0
